<?xml version="1.0" encoding="UTF-8"?>
<!-- Generated by org.testng.reporters.JUnitReportReporter -->
<testsuite hostname="LMA001907" failures="0" tests="1" name="SauceApp.Suites.SuiteLogin" time="19.605" errors="0" timestamp="2024-04-22T14:17:29 WEST" skipped="0">
  <testcase classname="SauceApp.Suites.SuiteLogin" name="Test02_sinscrire_gratuitement" time="19.605"/>
</testsuite> <!-- SauceApp.Suites.SuiteLogin -->
